<?xml version="1.0" encoding="UTF-8"?>
<!-- Generated by org.testng.reporters.JUnitReportReporter -->
<testsuite hostname="Sweety-S" name="com.cirrosecure.poc.POCTest" tests="1" failures="0" timestamp="7 Jan 2015 12:40:08 GMT" time="11.919" errors="0">
  <testcase name="LoginTestCase" time="11.919" classname="com.cirrosecure.poc.POCTest"/>
</testsuite> <!-- com.cirrosecure.poc.POCTest -->
