<?xml version="1.0" encoding="UTF-8"?>
<!-- Generated by org.testng.reporters.JUnitReportReporter -->
<testsuite hostname="Sweety-S-PC" name="com.cirrosecure.poc.POCTest" tests="1" failures="0" timestamp="9 Jan 2015 06:00:17 GMT" time="8.160" errors="0">
  <testcase name="LoginTestCase" time="8.160" classname="com.cirrosecure.poc.POCTest"/>
</testsuite> <!-- com.cirrosecure.poc.POCTest -->
